[06.06.22 00:00:34] SUCCESS Admin[268568657] -> 30513 Penatus admin_admin
[06.06.22 00:00:36] SUCCESS Admin[268568657] -> 30513 Penatus admin_char_manage
[06.06.22 00:00:40] FAIL    Admin[268568657] -> 30513 Penatus admin_show_characters 0
[06.06.22 00:00:45] SUCCESS Admin[268568657] -> 30513 Penatus admin_admin
[06.06.22 00:00:59] SUCCESS Admin[268568657] -> 30513 Penatus admin_char_manage
[06.06.22 00:01:01] FAIL    Admin[268568657] -> 30513 Penatus admin_setsex
[06.06.22 00:01:05] SUCCESS Admin[268568657] -> 30513 Penatus admin_admin
[06.06.22 00:01:08] SUCCESS Admin[268568657] -> 30513 Penatus admin_char_manage
[06.06.22 00:01:51] SUCCESS Admin[268568657] -> 30513 Penatus admin_show_html banmenu.htm
[06.06.22 00:02:03] SUCCESS Admin[268568657] -> 30513 Penatus admin_char_manage
[06.06.22 00:02:08] SUCCESS Admin[268568657] -> 30513 Penatus admin_server admserver.htm
[06.06.22 00:02:14] SUCCESS Admin[268568657] -> 30513 Penatus admin_gmshop
[06.06.22 00:02:16] SUCCESS Admin[268568657] -> 30513 Penatus admin_show_html gmstore/gear/armor.htm
[06.06.22 00:02:20] SUCCESS Admin[268568657] -> 30513 Penatus admin_buy 9926
[06.06.22 00:02:27] SUCCESS Admin[268568657] -> 30513 Penatus admin_admin
[06.06.22 00:02:34] SUCCESS Admin[268568657] -> 30513 Penatus admin_admin
[06.06.22 00:03:04] SUCCESS Admin[268568657] -> 30513 Penatus admin_list_announcements
[06.06.22 00:03:22] SUCCESS Admin[268568657] -> 30513 Penatus admin_add_announcement Enjoy the server everyone!
[06.06.22 00:03:28] SUCCESS Admin[268568657] -> 30513 Penatus admin_admin
[06.06.22 00:03:31] SUCCESS Admin[268568657] -> 30513 Penatus admin_char_manage
[06.06.22 00:03:38] SUCCESS Admin[268568657] -> 30513 Penatus admin_char_manage
[06.06.22 00:03:39] SUCCESS Admin[268568657] -> 30513 Penatus admin_gmshop
[06.06.22 00:03:48] SUCCESS Admin[268568657] -> 30513 Penatus admin_show_html gmstore/scrolls.htm
[06.06.22 00:03:50] SUCCESS Admin[268568657] -> 30513 Penatus admin_buy 9931
[06.06.22 00:04:29] SUCCESS Admin[268568657] -> 30513 Penatus admin_admin
[06.06.22 00:04:33] SUCCESS Admin[268568657] -> 30513 Penatus admin_gmshop
[06.06.22 00:04:45] SUCCESS Admin[268568657] -> 30513 Penatus admin_buy 9913
[06.06.22 00:05:00] SUCCESS Admin[268568657] -> 30513 Penatus admin_admin
[06.06.22 00:05:15] SUCCESS Admin[268568657] -> 30513 Penatus admin_server admserver.htm
[06.06.22 00:05:18] SUCCESS Admin[268568657] -> 30513 Penatus admin_char_manage
[06.06.22 00:05:30] SUCCESS Admin[268568657] -> 30513 Penatus admin_show_html pledgemanage.htm
[06.06.22 00:05:46] SUCCESS Admin[268568657] -> 30513 Penatus admin_admin
[06.06.22 00:06:01] SUCCESS Admin[268568657] -> 30513 Penatus admin_gmshop
[06.06.22 00:06:18] SUCCESS Admin[268568657] -> 30513 Penatus admin_server admserver.htm
[06.06.22 00:06:19] SUCCESS Admin[268568657] -> 30513 Penatus admin_char_manage
[06.06.22 00:06:22] SUCCESS Admin[268568657] -> 30513 Penatus admin_show_html events/events.htm
[06.06.22 00:07:04] SUCCESS Admin[268568657] -> 30513 Penatus admin_admin
[06.06.22 00:07:09] SUCCESS Admin[268568657] -> 30513 Penatus admin_admin
[06.06.22 00:07:31] SUCCESS Admin[268568657] -> 30513 Penatus admin_view_petitions
[06.06.22 00:07:36] SUCCESS Admin[268568657] -> 30513 Penatus admin_admin
[06.06.22 00:07:38] SUCCESS Admin[268568657] -> 30513 Penatus admin_epic
[06.06.22 00:07:40] SUCCESS Admin[268568657] -> 30513 Penatus admin_epic 29028
[06.06.22 00:07:49] SUCCESS Admin[268568657] -> 30513 Penatus admin_epic
[06.06.22 00:07:53] SUCCESS Admin[268568657] -> 30513 Penatus admin_epic 29028
[06.06.22 00:08:14] SUCCESS Admin[268568657] -> 37014 Observation admin_admin
[06.06.22 00:08:22] SUCCESS Admin[268568657] -> 37014 Observation admin_server admserver.htm
[06.06.22 00:08:23] SUCCESS Admin[268568657] -> 37014 Observation admin_char_manage
[06.06.22 00:08:35] SUCCESS Admin[268568657] -> Admin[268568657] admin_setlevel 85
[06.06.22 00:08:47] SUCCESS Admin[268568657] -> Admin[268568657] admin_admin
[06.06.22 00:08:51] SUCCESS Admin[268568657] -> Admin[268568657] admin_gmshop
[06.06.22 00:08:59] SUCCESS Admin[268568657] -> Admin[268568657] admin_admin
[06.06.22 00:09:04] SUCCESS Admin[268568657] -> Admin[268568657] admin_show_html events/events.htm
[06.06.22 00:09:07] SUCCESS Admin[268568657] -> Admin[268568657] admin_char_manage
[06.06.22 00:09:13] FAIL    Admin[268568657] -> Admin[268568657] admin_setnoble
[06.06.22 00:09:18] SUCCESS Admin[268568657] -> Admin[268568657] admin_admin
[06.06.22 00:09:31] SUCCESS Admin[268568657] -> Admin[268568657] admin_itemcreate
[06.06.22 00:09:38] SUCCESS Admin[268568657] -> Admin[268568657] admin_create_item 37032
[06.06.22 00:09:52] SUCCESS Admin[268568657] -> Admin[268568657] admin_create_item 37010
[06.06.22 00:09:59] SUCCESS Admin[268568657] -> Admin[268568657] admin_create_item 37010 1
[06.06.22 00:10:14] FAIL    Admin[268568657] -> Admin[268568657] admin_create_item_char
[06.06.22 00:10:18] SUCCESS Admin[268568657] -> Admin[268568657] admin_admin
[06.06.22 00:10:20] SUCCESS Admin[268568657] -> Admin[268568657] admin_gmshop
[06.06.22 00:10:33] SUCCESS Admin[268568657] -> Admin[268568657] admin_show_html gmstore/quest.htm
[06.06.22 00:10:36] SUCCESS Admin[268568657] -> Admin[268568657] admin_buy 300542
[06.06.22 00:10:53] SUCCESS Admin[268568657] -> Admin[268568657] admin_admin
[06.06.22 00:10:56] SUCCESS Admin[268568657] -> Admin[268568657] admin_gmshop
[06.06.22 00:11:06] SUCCESS Admin[268568657] -> Admin[268568657] admin_server admserver.htm
[06.06.22 00:11:08] SUCCESS Admin[268568657] -> Admin[268568657] admin_char_manage
[06.06.22 00:11:19] FAIL    Admin[268568657] -> Admin[268568657] admin_settitle
[06.06.22 00:11:25] SUCCESS Admin[268568657] -> Admin[268568657] admin_admin
[06.06.22 00:11:28] SUCCESS Admin[268568657] -> Admin[268568657] admin_gmshop
[06.06.22 00:11:32] SUCCESS Admin[268568657] -> Admin[268568657] admin_char_manage
[06.06.22 00:11:52] SUCCESS Admin[268568657] -> Admin[268568657] admin_settitle Owner
[06.06.22 00:12:15] SUCCESS Admin[268568657] -> Admin[268568657] admin_admin
[06.06.22 00:12:20] SUCCESS Admin[268568657] -> Admin[268568657] admin_gmshop
[06.06.22 00:12:23] SUCCESS Admin[268568657] -> Admin[268568657] admin_show_html gmstore/scrolls.htm
[06.06.22 00:12:26] SUCCESS Admin[268568657] -> Admin[268568657] admin_buy 9931
[06.06.22 00:12:48] SUCCESS Admin[268568657] -> Admin[268568657] admin_admin
[06.06.22 00:12:52] SUCCESS Admin[268568657] -> Admin[268568657] admin_itemcreate
[06.06.22 00:13:05] SUCCESS Admin[268568657] -> Admin[268568657] admin_create_item 37032 1
[06.06.22 00:13:12] SUCCESS Admin[268568657] -> Admin[268568657] admin_create_item 37017
[06.06.22 00:13:16] SUCCESS Admin[268568657] -> Admin[268568657] admin_create_item 37012
[06.06.22 00:13:21] SUCCESS Admin[268568657] -> Admin[268568657] admin_create_item 57
[06.06.22 00:13:29] SUCCESS Admin[268568657] -> Admin[268568657] admin_create_item 57 9999999999
[06.06.22 00:13:38] SUCCESS Admin[268568657] -> Admin[268568657] admin_create_item 57
[06.06.22 00:13:52] SUCCESS Admin[268568657] -> Admin[268568657] admin_create_item 37013
[06.06.22 00:14:02] SUCCESS Admin[268568657] -> Admin[268568657] admin_create_item 37013
[06.06.22 00:14:14] SUCCESS Admin[268568657] -> Admin[268568657] admin_create_item 37011
[06.06.22 00:14:24] SUCCESS Admin[268568657] -> Admin[268568657] admin_gmshop
[06.06.22 00:14:26] SUCCESS Admin[268568657] -> Admin[268568657] admin_show_html gmstore/gear/armor.htm
[06.06.22 00:14:29] SUCCESS Admin[268568657] -> Admin[268568657] admin_buy 11006
[06.06.22 00:15:21] SUCCESS Admin[268568657] -> Admin[268568657] admin_admin
[06.06.22 00:15:32] SUCCESS Admin[268568657] -> Admin[268568657] admin_gmshop
[06.06.22 00:15:35] SUCCESS Admin[268568657] -> Admin[268568657] admin_show_html gmstore/gear/weapons.htm
[06.06.22 00:15:43] SUCCESS Admin[268568657] -> Admin[268568657] admin_buy 9925
[06.06.22 00:16:06] SUCCESS Admin[268568657] -> Admin[268568657] admin_admin
[06.06.22 00:16:16] SUCCESS Admin[268568657] -> Admin[268568657] admin_gmshop
[06.06.22 00:16:21] SUCCESS Admin[268568657] -> Admin[268568657] admin_show_html gmstore/gear/weapons.htm
[06.06.22 00:16:28] SUCCESS Admin[268568657] -> Admin[268568657] admin_buy 11005
[06.06.22 00:16:40] SUCCESS Admin[268568657] -> Admin[268568657] admin_admin
[06.06.22 00:16:49] SUCCESS Admin[268568657] -> Admin[268568657] admin_itemcreate
[06.06.22 00:16:58] SUCCESS Admin[268568657] -> Admin[268568657] admin_gmshop
[06.06.22 00:17:00] SUCCESS Admin[268568657] -> Admin[268568657] admin_show_html gmstore/gear/weapons.htm
[06.06.22 00:17:05] SUCCESS Admin[268568657] -> Admin[268568657] admin_buy 9980
[06.06.22 00:17:57] SUCCESS Admin[268568657] -> Admin[268568657] admin_admin
[06.06.22 00:18:01] SUCCESS Admin[268568657] -> Admin[268568657] admin_gmshop
[06.06.22 00:18:04] SUCCESS Admin[268568657] -> Admin[268568657] admin_show_html gmstore/gear/weapons.htm
[06.06.22 00:18:16] SUCCESS Admin[268568657] -> Admin[268568657] admin_buy 11005
[06.06.22 00:18:38] SUCCESS Admin[268568657] -> Admin[268568657] admin_admin
[06.06.22 00:18:43] SUCCESS Admin[268568657] -> Admin[268568657] admin_show_html attribute.htm
[06.06.22 00:18:47] SUCCESS Admin[268568657] -> Admin[268568657] admin_attribute 6
[06.06.22 00:19:01] SUCCESS Admin[268568657] -> Admin[268568657] admin_attribute 6 0 0
[06.06.22 00:19:03] SUCCESS Admin[268568657] -> Admin[268568657] admin_attribute 6 0 120
[06.06.22 00:19:12] SUCCESS Admin[268568657] -> Admin[268568657] admin_attribute 6 3 120
[06.06.22 00:19:17] SUCCESS Admin[268568657] -> Admin[268568657] admin_attribute 6 4 120
[06.06.22 00:19:23] SUCCESS Admin[268568657] -> Admin[268568657] admin_gmshop
[06.06.22 00:19:46] SUCCESS Admin[268568657] -> Admin[268568657] admin_show_html gmstore/gear/weapons.htm
[06.06.22 00:19:48] SUCCESS Admin[268568657] -> Admin[268568657] admin_admin
[06.06.22 00:19:54] SUCCESS Admin[268568657] -> Admin[268568657] admin_enchant
[06.06.22 00:20:07] SUCCESS Admin[268568657] -> Admin[268568657] admin_setew 16
[06.06.22 00:20:18] SUCCESS Admin[268568657] -> Admin[268568657] admin_setew 18
[06.06.22 00:20:24] SUCCESS Admin[268568657] -> Admin[268568657] admin_setew 25
[06.06.22 00:20:59] SUCCESS Admin[268568657] -> Admin[268568657] admin_setew 16
[06.06.22 00:21:08] SUCCESS Admin[268568657] -> Admin[268568657] admin_seteh 10
[06.06.22 00:21:14] SUCCESS Admin[268568657] -> Admin[268568657] admin_setba 10
[06.06.22 00:21:34] SUCCESS Admin[268568657] -> Admin[268568657] admin_setec 10
[06.06.22 00:21:44] SUCCESS Admin[268568657] -> Admin[268568657] admin_seteg 10
[06.06.22 00:21:52] SUCCESS Admin[268568657] -> Admin[268568657] admin_setel 10
[06.06.22 00:21:57] SUCCESS Admin[268568657] -> Admin[268568657] admin_seteb 10
[06.06.22 00:22:07] SUCCESS Admin[268568657] -> Admin[268568657] admin_setdha
[06.06.22 00:22:16] SUCCESS Admin[268568657] -> Admin[268568657] admin_gmshop
[06.06.22 00:22:39] SUCCESS Admin[268568657] -> Admin[268568657] admin_show_html gmstore/gear/jewels.htm
[06.06.22 00:22:41] SUCCESS Admin[268568657] -> Admin[268568657] admin_buy 9917
[06.06.22 00:24:21] SUCCESS Admin[268568657] -> Admin[268568657] admin_admin
[06.06.22 00:24:24] SUCCESS Admin[268568657] -> Admin[268568657] admin_gmshop
[06.06.22 00:24:27] SUCCESS Admin[268568657] -> Admin[268568657] admin_show_html gmstore/gear/jewels.htm
[06.06.22 00:24:30] SUCCESS Admin[268568657] -> Admin[268568657] admin_buy 9917
[06.06.22 00:25:10] SUCCESS Admin[268568657] -> Admin[268568657] admin_admin
[06.06.22 00:25:22] SUCCESS Admin[268568657] -> Admin[268568657] admin_gmshop
[06.06.22 00:25:30] SUCCESS Admin[268568657] -> Admin[268568657] admin_admin
[06.06.22 00:25:34] SUCCESS Admin[268568657] -> Admin[268568657] admin_itemcreate
[06.06.22 00:25:42] SUCCESS Admin[268568657] -> Admin[268568657] admin_admin
[06.06.22 00:25:46] SUCCESS Admin[268568657] -> Admin[268568657] admin_show_html events/events.htm
[06.06.22 00:25:49] SUCCESS Admin[268568657] -> Admin[268568657] admin_char_manage
[06.06.22 00:25:52] SUCCESS Admin[268568657] -> Admin[268568657] admin_server admserver.htm
[06.06.22 00:25:54] SUCCESS Admin[268568657] -> Admin[268568657] admin_gmshop
[06.06.22 00:25:59] SUCCESS Admin[268568657] -> Admin[268568657] admin_show_html gmstore/consumables.htm
[06.06.22 00:26:03] SUCCESS Admin[268568657] -> Admin[268568657] admin_gmshop
[06.06.22 00:26:08] SUCCESS Admin[268568657] -> Admin[268568657] admin_show_html gmstore/books.htm
[06.06.22 00:26:17] SUCCESS Admin[268568657] -> Admin[268568657] admin_buy 9901
[06.06.22 00:27:47] SUCCESS Admin[268568657] -> Admin[268568657] admin_admin
[06.06.22 00:27:52] SUCCESS Admin[268568657] -> Admin[268568657] admin_char_manage
[06.06.22 00:27:58] SUCCESS Admin[268568657] -> Admin[268568657] admin_show_html setclass.htm
[06.06.22 00:28:02] SUCCESS Admin[268568657] -> Admin[268568657] admin_show_html classes/setclass_human.htm
[06.06.22 00:28:09] SUCCESS Admin[268568657] -> Admin[268568657] admin_setclass 90
[06.06.22 00:28:47] SUCCESS Admin[268568657] -> Admin[268568657] admin_admin
[06.06.22 00:28:57] SUCCESS Admin[268568657] -> Admin[268568657] admin_gmshop
[06.06.22 00:29:12] SUCCESS Admin[268568657] -> Admin[268568657] admin_admin
[06.06.22 00:29:15] SUCCESS Admin[268568657] -> Admin[268568657] admin_itemcreate
[06.06.22 00:29:20] SUCCESS Admin[268568657] -> Admin[268568657] admin_admin
[06.06.22 00:29:29] SUCCESS Admin[268568657] -> Admin[268568657] admin_enchant
[06.06.22 00:29:32] SUCCESS Admin[268568657] -> Admin[268568657] admin_admin
[06.06.22 00:29:38] SUCCESS Admin[268568657] -> Admin[268568657] admin_show_html attribute.htm
[06.06.22 00:29:42] SUCCESS Admin[268568657] -> Admin[268568657] admin_admin
[06.06.22 00:30:15] SUCCESS Admin[268568657] -> Admin[268568657] admin_augmentation
[06.06.22 00:30:21] SUCCESS Admin[268568657] -> Admin[268568657] admin_augmentation menu 1
[06.06.22 00:30:24] SUCCESS Admin[268568657] -> Admin[268568657] admin_augmentation setaug 1
[06.06.22 00:30:28] SUCCESS Admin[268568657] -> Admin[268568657] admin_augmentation setaug 2
[06.06.22 00:30:31] SUCCESS Admin[268568657] -> Admin[268568657] admin_augmentation page 2
[06.06.22 00:30:33] SUCCESS Admin[268568657] -> Admin[268568657] admin_augmentation page 9
[06.06.22 00:30:34] SUCCESS Admin[268568657] -> Admin[268568657] admin_augmentation setaug 61
[06.06.22 00:30:42] SUCCESS Admin[268568657] -> Admin[268568657] admin_augmentation main
[06.06.22 00:30:46] SUCCESS Admin[268568657] -> Admin[268568657] admin_augmentation menu 5
[06.06.22 00:30:48] SUCCESS Admin[268568657] -> Admin[268568657] admin_augmentation main
[06.06.22 00:30:50] SUCCESS Admin[268568657] -> Admin[268568657] admin_augmentation menu 4
[06.06.22 00:30:52] SUCCESS Admin[268568657] -> Admin[268568657] admin_augmentation main
[06.06.22 00:30:54] SUCCESS Admin[268568657] -> Admin[268568657] admin_augmentation menu 3
[06.06.22 00:30:58] SUCCESS Admin[268568657] -> Admin[268568657] admin_augmentation setaug 24981
[06.06.22 00:31:04] SUCCESS Admin[268568657] -> Admin[268568657] admin_augmentation page 2
[06.06.22 00:31:05] SUCCESS Admin[268568657] -> Admin[268568657] admin_augmentation page 3
[06.06.22 00:31:08] SUCCESS Admin[268568657] -> Admin[268568657] admin_augmentation page 4
[06.06.22 00:31:11] SUCCESS Admin[268568657] -> Admin[268568657] admin_augmentation page 5
[06.06.22 00:31:13] SUCCESS Admin[268568657] -> Admin[268568657] admin_augmentation page 6
[06.06.22 00:31:17] SUCCESS Admin[268568657] -> Admin[268568657] admin_augmentation page 7
[06.06.22 00:31:19] SUCCESS Admin[268568657] -> Admin[268568657] admin_augmentation page 8
[06.06.22 00:31:22] SUCCESS Admin[268568657] -> Admin[268568657] admin_augmentation page 9
[06.06.22 00:31:26] SUCCESS Admin[268568657] -> Admin[268568657] admin_augmentation page 10
[06.06.22 00:31:29] SUCCESS Admin[268568657] -> Admin[268568657] admin_augmentation page 11
[06.06.22 00:31:32] SUCCESS Admin[268568657] -> Admin[268568657] admin_augmentation main
[06.06.22 00:31:34] SUCCESS Admin[268568657] -> Admin[268568657] admin_augmentation menu 1
[06.06.22 00:31:39] SUCCESS Admin[268568657] -> Admin[268568657] admin_augmentation main
[06.06.22 00:31:41] SUCCESS Admin[268568657] -> Admin[268568657] admin_augmentation menu 1
[06.06.22 00:31:42] SUCCESS Admin[268568657] -> Admin[268568657] admin_augmentation page 2
[06.06.22 00:31:44] SUCCESS Admin[268568657] -> Admin[268568657] admin_augmentation setaug 7
[06.06.22 00:31:48] SUCCESS Admin[268568657] -> Admin[268568657] admin_augmentation setaug 13
[06.06.22 00:31:52] SUCCESS Admin[268568657] -> Admin[268568657] admin_augmentation setaug 13
[06.06.22 00:31:56] SUCCESS Admin[268568657] -> Admin[268568657] admin_augmentation setaug 13
[06.06.22 00:31:59] SUCCESS Admin[268568657] -> Admin[268568657] admin_augmentation setaug 12
[06.06.22 00:32:06] SUCCESS Admin[268568657] -> Admin[268568657] admin_augmentation setaug 10
[06.06.22 00:32:08] SUCCESS Admin[268568657] -> Admin[268568657] admin_augmentation page 1
[06.06.22 00:32:15] SUCCESS Admin[268568657] -> Admin[268568657] admin_augmentation main
[06.06.22 00:32:16] SUCCESS Admin[268568657] -> Admin[268568657] admin_augmentation menu 5
[06.06.22 00:32:18] SUCCESS Admin[268568657] -> Admin[268568657] admin_augmentation setaug 16342
[06.06.22 00:32:25] SUCCESS Admin[268568657] -> Admin[268568657] admin_augmentation main
[06.06.22 00:32:26] SUCCESS Admin[268568657] -> Admin[268568657] admin_augmentation menu 4
[06.06.22 00:32:31] SUCCESS Admin[268568657] -> Admin[268568657] admin_augmentation main
[06.06.22 00:32:33] SUCCESS Admin[268568657] -> Admin[268568657] admin_augmentation menu 3
[06.06.22 00:32:35] SUCCESS Admin[268568657] -> Admin[268568657] admin_augmentation main
[06.06.22 00:32:39] SUCCESS Admin[268568657] -> Admin[268568657] admin_augmentation menu 2
[06.06.22 00:32:42] SUCCESS Admin[268568657] -> Admin[268568657] admin_augmentation setaug 24982
[06.06.22 00:32:52] SUCCESS Admin[268568657] -> Admin[268568657] admin_augmentation main
[06.06.22 00:32:54] SUCCESS Admin[268568657] -> Admin[268568657] admin_augmentation menu 1
[06.06.22 00:32:56] SUCCESS Admin[268568657] -> Admin[268568657] admin_augmentation page 9
[06.06.22 00:32:57] SUCCESS Admin[268568657] -> Admin[268568657] admin_augmentation setaug 61
[06.06.22 00:32:59] SUCCESS Admin[268568657] -> Admin[268568657] admin_augmentation setaug 62
[06.06.22 00:33:02] SUCCESS Admin[268568657] -> Admin[268568657] admin_augmentation setaug 63
[06.06.22 00:33:05] SUCCESS Admin[268568657] -> Admin[268568657] admin_augmentation setaug 56
[06.06.22 00:33:08] SUCCESS Admin[268568657] -> Admin[268568657] admin_augmentation setaug 59
[06.06.22 00:33:10] SUCCESS Admin[268568657] -> Admin[268568657] admin_augmentation setaug 58
[06.06.22 00:33:12] SUCCESS Admin[268568657] -> Admin[268568657] admin_augmentation setaug 57
[06.06.22 00:33:16] SUCCESS Admin[268568657] -> Admin[268568657] admin_augmentation setaug 63
[06.06.22 00:33:19] SUCCESS Admin[268568657] -> Admin[268568657] admin_augmentation page 13
[06.06.22 00:33:20] SUCCESS Admin[268568657] -> Admin[268568657] admin_augmentation page 17
[06.06.22 00:33:21] SUCCESS Admin[268568657] -> Admin[268568657] admin_augmentation page 21
[06.06.22 00:33:23] SUCCESS Admin[268568657] -> Admin[268568657] admin_augmentation page 25
[06.06.22 00:33:26] SUCCESS Admin[268568657] -> Admin[268568657] admin_augmentation setaug 165
[06.06.22 00:33:29] SUCCESS Admin[268568657] -> Admin[268568657] admin_augmentation page 29
[06.06.22 00:33:30] SUCCESS Admin[268568657] -> Admin[268568657] admin_augmentation setaug 199
[06.06.22 00:33:34] SUCCESS Admin[268568657] -> Admin[268568657] admin_augmentation page 33
[06.06.22 00:33:36] SUCCESS Admin[268568657] -> Admin[268568657] admin_augmentation setaug 236
[06.06.22 00:33:39] SUCCESS Admin[268568657] -> Admin[268568657] admin_augmentation page 37
[06.06.22 00:33:40] SUCCESS Admin[268568657] -> Admin[268568657] admin_augmentation page 41
[06.06.22 00:33:40] SUCCESS Admin[268568657] -> Admin[268568657] admin_augmentation page 45
[06.06.22 00:33:42] SUCCESS Admin[268568657] -> Admin[268568657] admin_augmentation page 49
[06.06.22 00:33:43] SUCCESS Admin[268568657] -> Admin[268568657] admin_augmentation page 53
[06.06.22 00:33:44] SUCCESS Admin[268568657] -> Admin[268568657] admin_augmentation setaug 358
[06.06.22 00:33:48] SUCCESS Admin[268568657] -> Admin[268568657] admin_augmentation page 57
[06.06.22 00:33:49] SUCCESS Admin[268568657] -> Admin[268568657] admin_augmentation page 61
[06.06.22 00:33:50] SUCCESS Admin[268568657] -> Admin[268568657] admin_augmentation page 65
[06.06.22 00:33:52] SUCCESS Admin[268568657] -> Admin[268568657] admin_augmentation page 69
[06.06.22 00:33:52] SUCCESS Admin[268568657] -> Admin[268568657] admin_augmentation page 73
[06.06.22 00:33:53] SUCCESS Admin[268568657] -> Admin[268568657] admin_augmentation page 77
[06.06.22 00:33:54] SUCCESS Admin[268568657] -> Admin[268568657] admin_augmentation page 81
[06.06.22 00:33:54] SUCCESS Admin[268568657] -> Admin[268568657] admin_augmentation page 85
[06.06.22 00:33:55] SUCCESS Admin[268568657] -> Admin[268568657] admin_augmentation page 89
[06.06.22 00:33:56] SUCCESS Admin[268568657] -> Admin[268568657] admin_augmentation page 93
[06.06.22 00:33:56] SUCCESS Admin[268568657] -> Admin[268568657] admin_augmentation page 97
[06.06.22 00:33:57] SUCCESS Admin[268568657] -> Admin[268568657] admin_augmentation page 101
[06.06.22 00:33:59] SUCCESS Admin[268568657] -> Admin[268568657] admin_augmentation setaug 745
[06.06.22 00:34:03] SUCCESS Admin[268568657] -> Admin[268568657] admin_augmentation page 105
[06.06.22 00:34:04] SUCCESS Admin[268568657] -> Admin[268568657] admin_augmentation setaug 758
[06.06.22 00:34:10] SUCCESS Admin[268568657] -> Admin[268568657] admin_augmentation page 109
[06.06.22 00:34:12] SUCCESS Admin[268568657] -> Admin[268568657] admin_augmentation setaug 734
[06.06.22 00:34:18] SUCCESS Admin[268568657] -> Admin[268568657] admin_augmentation page 113
[06.06.22 00:34:19] SUCCESS Admin[268568657] -> Admin[268568657] admin_augmentation setaug 802
[06.06.22 00:34:22] SUCCESS Admin[268568657] -> Admin[268568657] admin_augmentation page 117
[06.06.22 00:34:24] SUCCESS Admin[268568657] -> Admin[268568657] admin_augmentation setaug 772
[06.06.22 00:34:34] SUCCESS Admin[268568657] -> Admin[268568657] admin_augmentation page 121
[06.06.22 00:34:36] SUCCESS Admin[268568657] -> Admin[268568657] admin_augmentation setaug 895
[06.06.22 00:34:40] SUCCESS Admin[268568657] -> Admin[268568657] admin_augmentation page 125
[06.06.22 00:34:42] SUCCESS Admin[268568657] -> Admin[268568657] admin_augmentation setaug 857
[06.06.22 00:34:46] SUCCESS Admin[268568657] -> Admin[268568657] admin_augmentation page 129
[06.06.22 00:34:47] SUCCESS Admin[268568657] -> Admin[268568657] admin_augmentation setaug 954
[06.06.22 00:34:50] SUCCESS Admin[268568657] -> Admin[268568657] admin_augmentation page 133
[06.06.22 00:34:51] SUCCESS Admin[268568657] -> Admin[268568657] admin_augmentation setaug 924
[06.06.22 00:34:57] SUCCESS Admin[268568657] -> Admin[268568657] admin_augmentation page 137
[06.06.22 00:34:58] SUCCESS Admin[268568657] -> Admin[268568657] admin_augmentation setaug 897
[06.06.22 00:35:01] SUCCESS Admin[268568657] -> Admin[268568657] admin_augmentation setaug 900
[06.06.22 00:35:03] SUCCESS Admin[268568657] -> Admin[268568657] admin_augmentation page 141
[06.06.22 00:35:04] SUCCESS Admin[268568657] -> Admin[268568657] admin_augmentation setaug 995
[06.06.22 00:35:07] SUCCESS Admin[268568657] -> Admin[268568657] admin_augmentation page 145
[06.06.22 00:35:08] SUCCESS Admin[268568657] -> Admin[268568657] admin_augmentation setaug 973
[06.06.22 00:35:13] SUCCESS Admin[268568657] -> Admin[268568657] admin_augmentation page 149
[06.06.22 00:35:15] SUCCESS Admin[268568657] -> Admin[268568657] admin_augmentation setaug 1119
[06.06.22 00:35:18] SUCCESS Admin[268568657] -> Admin[268568657] admin_augmentation page 153
[06.06.22 00:35:21] SUCCESS Admin[268568657] -> Admin[268568657] admin_augmentation setaug 1120
[06.06.22 00:35:26] SUCCESS Admin[268568657] -> Admin[268568657] admin_augmentation page 157
[06.06.22 00:35:27] SUCCESS Admin[268568657] -> Admin[268568657] admin_augmentation setaug 1026
[06.06.22 00:35:31] SUCCESS Admin[268568657] -> Admin[268568657] admin_augmentation page 161
[06.06.22 00:35:32] SUCCESS Admin[268568657] -> Admin[268568657] admin_augmentation setaug 1068
[06.06.22 00:35:39] SUCCESS Admin[268568657] -> Admin[268568657] admin_augmentation page 165
[06.06.22 00:35:40] SUCCESS Admin[268568657] -> Admin[268568657] admin_augmentation setaug 1223
[06.06.22 00:35:45] SUCCESS Admin[268568657] -> Admin[268568657] admin_augmentation page 169
[06.06.22 00:35:46] SUCCESS Admin[268568657] -> Admin[268568657] admin_augmentation setaug 1242
[06.06.22 00:35:49] SUCCESS Admin[268568657] -> Admin[268568657] admin_augmentation page 173
[06.06.22 00:35:50] SUCCESS Admin[268568657] -> Admin[268568657] admin_augmentation setaug 1276
[06.06.22 00:35:54] SUCCESS Admin[268568657] -> Admin[268568657] admin_augmentation page 177
[06.06.22 00:35:55] SUCCESS Admin[268568657] -> Admin[268568657] admin_augmentation setaug 1174
[06.06.22 00:35:58] SUCCESS Admin[268568657] -> Admin[268568657] admin_augmentation page 181
[06.06.22 00:36:04] SUCCESS Admin[268568657] -> Admin[268568657] admin_augmentation setaug 1200
[06.06.22 00:36:11] SUCCESS Admin[268568657] -> Admin[268568657] admin_augmentation page 185
[06.06.22 00:36:12] SUCCESS Admin[268568657] -> Admin[268568657] admin_augmentation setaug 1361
[06.06.22 00:36:15] SUCCESS Admin[268568657] -> Admin[268568657] admin_augmentation page 189
[06.06.22 00:36:16] SUCCESS Admin[268568657] -> Admin[268568657] admin_augmentation setaug 1399
[06.06.22 00:36:19] SUCCESS Admin[268568657] -> Admin[268568657] admin_augmentation page 193
[06.06.22 00:36:20] SUCCESS Admin[268568657] -> Admin[268568657] admin_augmentation setaug 1309
[06.06.22 00:36:22] SUCCESS Admin[268568657] -> Admin[268568657] admin_augmentation page 197
[06.06.22 00:36:23] SUCCESS Admin[268568657] -> Admin[268568657] admin_augmentation setaug 1339
[06.06.22 00:36:28] SUCCESS Admin[268568657] -> Admin[268568657] admin_augmentation page 201
[06.06.22 00:36:32] SUCCESS Admin[268568657] -> Admin[268568657] admin_augmentation setaug 1318
[06.06.22 00:36:35] SUCCESS Admin[268568657] -> Admin[268568657] admin_augmentation page 205
[06.06.22 00:36:36] SUCCESS Admin[268568657] -> Admin[268568657] admin_augmentation setaug 1485
[06.06.22 00:36:42] SUCCESS Admin[268568657] -> Admin[268568657] admin_augmentation page 209
[06.06.22 00:36:43] SUCCESS Admin[268568657] -> Admin[268568657] admin_augmentation setaug 1507
[06.06.22 00:36:49] SUCCESS Admin[268568657] -> Admin[268568657] admin_augmentation page 213
[06.06.22 00:36:50] SUCCESS Admin[268568657] -> Admin[268568657] admin_augmentation setaug 1409
[06.06.22 00:36:53] SUCCESS Admin[268568657] -> Admin[268568657] admin_augmentation page 217
[06.06.22 00:36:55] SUCCESS Admin[268568657] -> Admin[268568657] admin_augmentation setaug 1470
[06.06.22 00:36:59] SUCCESS Admin[268568657] -> Admin[268568657] admin_augmentation page 221
[06.06.22 00:37:00] SUCCESS Admin[268568657] -> Admin[268568657] admin_augmentation setaug 1632
[06.06.22 00:37:03] SUCCESS Admin[268568657] -> Admin[268568657] admin_augmentation setaug 1644
[06.06.22 00:37:05] SUCCESS Admin[268568657] -> Admin[268568657] admin_augmentation setaug 1634
[06.06.22 00:37:09] SUCCESS Admin[268568657] -> Admin[268568657] admin_augmentation page 225
[06.06.22 00:37:10] SUCCESS Admin[268568657] -> Admin[268568657] admin_augmentation setaug 1614
[06.06.22 00:37:37] SUCCESS Admin[268568657] -> Admin[268568657] admin_admin
[06.06.22 00:39:36] SUCCESS Admin[268568657] -> Admin[268568657] admin_gmshop
[06.06.22 00:39:38] SUCCESS Admin[268568657] -> Admin[268568657] admin_show_html gmstore/gear/weapons.htm
[06.06.22 00:39:42] SUCCESS Admin[268568657] -> Admin[268568657] admin_buy 11005
[06.06.22 00:40:02] SUCCESS Admin[268568657] -> Admin[268568657] admin_admin
[06.06.22 00:40:07] SUCCESS Admin[268568657] -> Admin[268568657] admin_gmshop
[06.06.22 00:40:09] SUCCESS Admin[268568657] -> Admin[268568657] admin_admin
[06.06.22 00:40:14] SUCCESS Admin[268568657] -> Admin[268568657] admin_enchant
[06.06.22 00:40:20] SUCCESS Admin[268568657] -> Admin[268568657] admin_setew 30
[06.06.22 00:40:46] SUCCESS Admin[268568657] -> Admin[268568657] admin_setew 12
[06.06.22 00:40:55] SUCCESS Admin[268568657] -> Admin[268568657] admin_setew 16
[06.06.22 00:41:09] SUCCESS Admin[268568657] -> Admin[268568657] admin_admin
[06.06.22 00:41:45] SUCCESS Admin[268568657] -> Admin[268568657] admin_epic
[06.06.22 00:41:47] SUCCESS Admin[268568657] -> Admin[268568657] admin_epic 29028
[06.06.22 00:42:16] SUCCESS Admin[268568657] -> Admin[268568657] admin_admin
[06.06.22 00:42:39] SUCCESS Admin[268568657] -> Admin[268568657] admin_show_html pledgemanage.htm
[06.06.22 00:42:57] SUCCESS Admin[268568657] -> Admin[268568657] admin_admin
[06.06.22 00:43:08] SUCCESS Admin[268568657] -> Admin[268568657] admin_show_html events/events.htm
[06.06.22 00:43:11] SUCCESS Admin[268568657] -> Admin[268568657] admin_char_manage
[06.06.22 00:43:17] SUCCESS Admin[268568657] -> Admin[268568657] admin_server admserver.htm
[06.06.22 00:43:21] SUCCESS Admin[268568657] -> Admin[268568657] admin_gmshop
[06.06.22 00:43:28] SUCCESS Admin[268568657] -> Admin[268568657] admin_show_html gmstore/gear/bracelets.htm
[06.06.22 00:43:30] SUCCESS Admin[268568657] -> Admin[268568657] admin_buy 10005
[06.06.22 00:44:25] SUCCESS Admin[268568657] admin_admin
[06.06.22 00:44:36] SUCCESS Admin[268568657] admin_itemcreate
[06.06.22 00:44:45] SUCCESS Admin[268568657] admin_admin
[06.06.22 00:44:52] SUCCESS Admin[268568657] admin_enchant
[06.06.22 00:45:00] SUCCESS Admin[268568657] admin_setrf 10
[06.06.22 00:45:03] SUCCESS Admin[268568657] admin_setlf 10
[06.06.22 00:45:05] SUCCESS Admin[268568657] admin_setre 10
[06.06.22 00:45:07] SUCCESS Admin[268568657] admin_setle 10
[06.06.22 00:45:17] SUCCESS Admin[268568657] admin_seten 10
[06.06.22 00:45:34] SUCCESS Admin[268568657] admin_admin
[06.06.22 00:45:35] SUCCESS Admin[268568657] admin_itemcreate
[06.06.22 00:45:38] SUCCESS Admin[268568657] admin_gmshop
[06.06.22 00:45:41] SUCCESS Admin[268568657] admin_buy 9913
[06.06.22 00:47:51] SUCCESS Admin[268568657] admin_admin
[06.06.22 00:47:53] SUCCESS Admin[268568657] admin_itemcreate
[06.06.22 00:47:59] SUCCESS Admin[268568657] admin_create_item 37000 9999999999999
[06.06.22 00:49:50] SUCCESS Admin[268568657] admin_admin
[06.06.22 00:49:53] SUCCESS Admin[268568657] admin_gmshop
[06.06.22 00:50:00] SUCCESS Admin[268568657] admin_admin
[06.06.22 00:50:04] SUCCESS Admin[268568657] admin_itemcreate
[06.06.22 00:50:07] SUCCESS Admin[268568657] admin_gmshop
[06.06.22 00:50:16] SUCCESS Admin[268568657] admin_show_html gmstore/gear/armor.htm
[06.06.22 00:50:22] SUCCESS Admin[268568657] admin_buy 9926
[06.06.22 00:57:12] SUCCESS Admin[268568657] admin_admin
[06.06.22 00:57:20] SUCCESS Admin[268568657] admin_admin
[06.06.22 00:57:25] SUCCESS Admin[268568657] admin_show_html events/events.htm
[06.06.22 00:57:26] SUCCESS Admin[268568657] admin_char_manage
[06.06.22 00:57:28] SUCCESS Admin[268568657] admin_server admserver.htm
[06.06.22 00:57:31] SUCCESS Admin[268568657] admin_gmshop
[06.06.22 00:59:26] SUCCESS Admin[268568657] admin_admin
[06.06.22 00:59:28] SUCCESS Admin[268568657] admin_show_moves
[06.06.22 00:59:35] SUCCESS Admin[268568657] admin_show_html teleports/location/gracia.htm
[06.06.22 00:59:41] SUCCESS Admin[268568657] admin_show_html teleports.htm
[06.06.22 00:59:49] SUCCESS Admin[268568657] admin_show_html teleports/town.htm
[06.06.22 00:59:58] SUCCESS Admin[268568657] admin_show_html teleports/town/gludio.htm
[06.06.22 01:00:00] SUCCESS Admin[268568657] admin_move_to -14225 123540 -3121
[06.06.22 01:03:43] SUCCESS Admin[268568657] -> 32632 Gracia Survivor admin_admin
[06.06.22 01:03:46] SUCCESS Admin[268568657] -> 32632 Gracia Survivor admin_gmshop
[06.06.22 01:03:50] SUCCESS Admin[268568657] -> 32632 Gracia Survivor admin_show_html gmstore/gear/armor.htm
[06.06.22 01:03:56] SUCCESS Admin[268568657] -> 32632 Gracia Survivor admin_buy 11006
[06.06.22 01:04:04] SUCCESS Admin[268568657] -> 32632 Gracia Survivor admin_admin
[06.06.22 01:04:07] SUCCESS Admin[268568657] -> 32632 Gracia Survivor admin_gmshop
[06.06.22 01:04:10] SUCCESS Admin[268568657] -> 32632 Gracia Survivor admin_show_html gmstore/gear/armor.htm
[06.06.22 01:04:17] SUCCESS Admin[268568657] -> 32632 Gracia Survivor admin_buy 10003
[06.06.22 01:04:28] SUCCESS Admin[268568657] -> 32632 Gracia Survivor admin_admin
[06.06.22 01:04:33] SUCCESS Admin[268568657] -> 32632 Gracia Survivor admin_gmshop
[06.06.22 01:04:45] SUCCESS Admin[268568657] -> 32632 Gracia Survivor admin_show_html gmstore/hair.htm
[06.06.22 01:04:47] SUCCESS Admin[268568657] -> 32632 Gracia Survivor admin_buy 9920
[06.06.22 01:05:35] SUCCESS Admin[268568657] -> 32632 Gracia Survivor admin_admin
[06.06.22 01:05:59] SUCCESS Admin[268568657] -> 32632 Gracia Survivor admin_gmshop
[06.06.22 01:06:16] SUCCESS Admin[268568657] -> 32632 Gracia Survivor admin_admin
[06.06.22 01:06:18] SUCCESS Admin[268568657] -> 32632 Gracia Survivor admin_gmshop
[06.06.22 01:06:20] SUCCESS Admin[268568657] -> 32632 Gracia Survivor admin_show_html gmstore/gear/armor.htm
[06.06.22 01:06:28] SUCCESS Admin[268568657] -> 32632 Gracia Survivor admin_buy 9926
[06.06.22 01:07:01] SUCCESS Admin[268568657] -> 32632 Gracia Survivor admin_admin
[06.06.22 01:07:07] SUCCESS Admin[268568657] -> 32632 Gracia Survivor admin_gmshop
[06.06.22 01:07:12] SUCCESS Admin[268568657] -> 32632 Gracia Survivor admin_admin
[06.06.22 01:07:20] SUCCESS Admin[268568657] -> 32632 Gracia Survivor admin_itemcreate
[06.06.22 01:07:28] SUCCESS Admin[268568657] -> 32632 Gracia Survivor admin_admin
[06.06.22 01:07:32] SUCCESS Admin[268568657] -> 32632 Gracia Survivor admin_masterwork
[06.06.22 01:07:34] FAIL    Admin[268568657] -> 32632 Gracia Survivor admin_attribute
[06.06.22 01:07:40] SUCCESS Admin[268568657] -> 32632 Gracia Survivor admin_admin
[06.06.22 01:07:43] SUCCESS Admin[268568657] -> 32632 Gracia Survivor admin_gmshop
[06.06.22 01:08:05] SUCCESS Admin[268568657] -> 32632 Gracia Survivor admin_show_html gmstore/gear/armor.htm
[06.06.22 01:08:17] SUCCESS Admin[268568657] -> 32632 Gracia Survivor admin_buy 9958
[06.06.22 01:10:22] SUCCESS Admin[268568657] -> 32632 Gracia Survivor admin_admin
[06.06.22 01:10:25] SUCCESS Admin[268568657] -> 32632 Gracia Survivor admin_gmshop
[06.06.22 01:11:07] SUCCESS Admin[268568657] -> 32632 Gracia Survivor admin_show_html gmstore/scrolls.htm
[06.06.22 01:11:08] SUCCESS Admin[268568657] -> 32632 Gracia Survivor admin_buy 9931
[06.06.22 01:15:52] SUCCESS Admin[268568657] -> 32632 Gracia Survivor admin_admin
[06.06.22 01:16:09] SUCCESS Admin[268568657] -> Admin[268568657] admin_char_manage
[06.06.22 01:18:12] SUCCESS Admin[268568657] -> Admin[268568657] admin_admin
[06.06.22 01:19:16] SUCCESS Admin[268568657] -> Admin[268568657] admin_admin
[06.06.22 05:13:44] SUCCESS Admin[268568657] admin_admin
[06.06.22 05:13:46] SUCCESS Admin[268568657] admin_vis
[06.06.22 05:14:02] SUCCESS Admin[268568657] admin_admin
[06.06.22 05:14:09] SUCCESS Admin[268568657] admin_admin
[06.06.22 05:14:17] SUCCESS Admin[268568657] admin_show_html events/events.htm
[06.06.22 05:14:22] SUCCESS Admin[268568657] admin_gmshop
[06.06.22 05:14:49] SUCCESS Admin[268568657] admin_server admserver.htm
[06.06.22 05:15:11] SUCCESS Admin[268568657] admin_char_manage
[06.06.22 05:15:20] SUCCESS Admin[268568657] admin_admin
[06.06.22 05:15:25] SUCCESS Admin[268568657] admin_show_html setclass.htm
[06.06.22 05:15:28] SUCCESS Admin[268568657] admin_admin
[06.06.22 05:15:35] SUCCESS Admin[268568657] admin_itemcreate
[06.06.22 05:15:40] SUCCESS Admin[268568657] admin_gmshop
[06.06.22 05:15:44] SUCCESS Admin[268568657] admin_show_html gmstore/consumables.htm
[06.06.22 05:15:46] SUCCESS Admin[268568657] admin_buy 9938
[06.06.22 05:17:36] SUCCESS Admin[268568657] -> 25726 Behemoth Leader admin_admin
[06.06.22 05:17:39] SUCCESS Admin[268568657] -> 25726 Behemoth Leader admin_vis
[06.06.22 05:38:29] SUCCESS Admin[268568657] admin_admin
[06.06.22 05:38:34] SUCCESS Admin[268568657] -> Admin[268568657] admin_show_html setclass.htm
[06.06.22 05:38:38] SUCCESS Admin[268568657] -> Admin[268568657] admin_show_html classes/setclass_elf.htm
[06.06.22 05:39:03] SUCCESS Admin[268568657] -> Admin[268568657] admin_setclass 25
[06.06.22 05:40:11] SUCCESS Admin[268568657] admin_admin
[06.06.22 05:40:13] SUCCESS Admin[268568657] admin_gmspeed 2
[06.06.22 05:41:06] SUCCESS Admin[268568657] -> 30452 Kurt admin_admin
[06.06.22 05:41:16] SUCCESS Admin[268568657] -> Admin[268568657] admin_show_html setclass.htm
[06.06.22 05:41:18] SUCCESS Admin[268568657] -> Admin[268568657] admin_show_html classes/setclass_kamael.htm
[06.06.22 05:41:21] SUCCESS Admin[268568657] -> Admin[268568657] admin_setclass 123
[06.06.22 05:41:27] SUCCESS Admin[268568657] -> Admin[268568657] admin_admin
[06.06.22 05:41:34] SUCCESS Admin[268568657] -> Admin[268568657] admin_show_html setclass.htm
[06.06.22 05:41:35] SUCCESS Admin[268568657] -> Admin[268568657] admin_show_html classes/setclass_delf.htm
[06.06.22 05:42:00] SUCCESS Admin[268568657] -> Admin[268568657] admin_setclass 39
[06.06.22 05:42:15] SUCCESS Admin[268568657] -> Admin[268568657] admin_admin
[06.06.22 05:42:19] SUCCESS Admin[268568657] -> Admin[268568657] admin_char_manage
[06.06.22 05:42:32] SUCCESS Admin[268568657] -> Admin[268568657] admin_show_html setclass.htm
[06.06.22 05:42:35] SUCCESS Admin[268568657] -> Admin[268568657] admin_show_html classes/setclass_human.htm
[06.06.22 05:42:40] SUCCESS Admin[268568657] -> Admin[268568657] admin_setclass 4
[06.06.22 05:43:42] SUCCESS Admin[268568657] -> 30477 Sir Ortho Lancer admin_admin
[06.06.22 05:43:45] SUCCESS Admin[268568657] -> 30477 Sir Ortho Lancer admin_vis
[06.06.22 08:03:05] SUCCESS Admin[268568657] admin_admin
[06.06.22 08:03:08] SUCCESS Admin[268568657] admin_vis
[06.06.22 08:04:00] SUCCESS Admin[268568657] admin_admin
[06.06.22 08:04:05] SUCCESS Admin[268568657] admin_gmshop
[06.06.22 08:04:10] SUCCESS Admin[268568657] admin_buy 9916
[06.06.22 08:04:25] SUCCESS Admin[268568657] admin_admin
[06.06.22 08:04:50] SUCCESS Admin[268568657] admin_admin
[06.06.22 08:05:16] SUCCESS Admin[268568657] admin_gmspeed 2
[06.06.22 08:05:58] SUCCESS Admin[268568657] -> 37009 Special Shop admin_admin
[06.06.22 08:06:04] SUCCESS Admin[268568657] -> 37009 Special Shop admin_gmshop
[06.06.22 08:06:10] SUCCESS Admin[268568657] -> 37009 Special Shop admin_buy 9916
[06.06.22 08:07:58] SUCCESS Admin[268568657] -> 37009 Special Shop admin_admin
[06.06.22 08:08:03] SUCCESS Admin[268568657] -> 37009 Special Shop admin_manor
[06.06.22 08:08:12] SUCCESS Admin[268568657] -> 37009 Special Shop admin_admin
[06.06.22 08:08:17] SUCCESS Admin[268568657] -> 37009 Special Shop admin_show_html olympiad.htm
[06.06.22 08:08:40] SUCCESS Admin[268568657] -> 37009 Special Shop admin_admin
[06.06.22 08:08:43] SUCCESS Admin[268568657] -> 37009 Special Shop admin_epic
[06.06.22 08:08:50] SUCCESS Admin[268568657] -> 37009 Special Shop admin_epic 29028
[06.06.22 08:08:57] SUCCESS Admin[268568657] -> 37009 Special Shop admin_admin
[06.06.22 08:09:06] SUCCESS Admin[268568657] -> 37009 Special Shop admin_list_spawns
[06.06.22 08:12:49] SUCCESS Admin[268568657] -> 37009 Special Shop admin_admin
[06.06.22 08:13:06] SUCCESS Admin[268568657] -> 37009 Special Shop admin_phantoms
[06.06.22 08:13:14] SUCCESS Admin[268568657] -> 37009 Special Shop admin_admin
[06.06.22 08:13:19] SUCCESS Admin[268568657] -> 37009 Special Shop admin_itemcreate
[06.06.22 08:13:24] SUCCESS Admin[268568657] -> 37009 Special Shop admin_create_item 37010
[06.06.22 08:13:30] SUCCESS Admin[268568657] -> 37009 Special Shop admin_create_item 37011
[06.06.22 08:13:39] SUCCESS Admin[268568657] -> 37009 Special Shop admin_create_item 37014
[06.06.22 08:13:55] SUCCESS Admin[268568657] -> 37009 Special Shop admin_create_item 37003
[06.06.22 08:14:08] SUCCESS Admin[268568657] -> 37009 Special Shop admin_admin
[06.06.22 08:14:18] SUCCESS Admin[268568657] -> 37009 Special Shop admin_admin
[06.06.22 08:14:24] SUCCESS Admin[268568657] -> 37009 Special Shop admin_show_html events/events.htm
[06.06.22 08:14:38] SUCCESS Admin[268568657] -> 37009 Special Shop admin_admin
[06.06.22 08:14:43] SUCCESS Admin[268568657] -> 37009 Special Shop admin_show_html events/gmevent_control.htm
[06.06.22 08:15:15] SUCCESS Admin[268568657] -> 37009 Special Shop admin_admin
[06.06.22 08:15:20] SUCCESS Admin[268568657] -> 37009 Special Shop admin_kill
[06.06.22 08:15:27] SUCCESS Admin[268568657] -> 37009 Special Shop admin_admin
[06.06.22 08:16:42] SUCCESS Admin[268568657] admin_admin
[06.06.22 08:17:11] SUCCESS Admin[268568657] admin_admin
[06.06.22 08:17:17] SUCCESS Admin[268568657] admin_gmspeed 2
[06.06.22 08:17:19] SUCCESS Admin[268568657] admin_admin
[06.06.22 08:17:23] SUCCESS Admin[268568657] admin_vis
[06.06.22 08:18:21] SUCCESS Admin[268568657] -> GMCloud[268562506] admin_admin
[06.06.22 08:18:52] SUCCESS Admin[268568657] -> GMCloud[268562506] admin_admin
[06.06.22 08:18:53] SUCCESS Admin[268568657] -> GMCloud[268562506] admin_admin
[06.06.22 08:19:01] SUCCESS Admin[268568657] -> GMCloud[268562506] admin_server admserver.htm
[06.06.22 08:19:03] SUCCESS Admin[268568657] -> GMCloud[268562506] admin_gmshop
[06.06.22 08:19:05] SUCCESS Admin[268568657] -> GMCloud[268562506] admin_admin
[06.06.22 08:19:21] SUCCESS Admin[268568657] -> GMCloud[268562506] admin_show_html events/events.htm
[06.06.22 08:19:27] SUCCESS Admin[268568657] -> GMCloud[268562506] admin_admin
[06.06.22 08:19:42] SUCCESS Admin[268568657] -> GMCloud[268562506] admin_enchant
[06.06.22 08:19:44] SUCCESS Admin[268568657] -> GMCloud[268562506] admin_setew
[06.06.22 08:19:52] SUCCESS Admin[268568657] -> GMCloud[268562506] admin_setew 16
[06.06.22 08:20:01] SUCCESS Admin[268568657] -> GMCloud[268562506] admin_admin
[06.06.22 08:20:24] SUCCESS Admin[268568657] -> GMCloud[268562506] admin_show_html setclass.htm
[06.06.22 08:20:29] SUCCESS Admin[268568657] -> GMCloud[268562506] admin_current_player
[06.06.22 08:20:55] SUCCESS Admin[268568657] -> GMCloud[268562506] admin_admin
[06.06.22 08:21:03] SUCCESS Admin[268568657] -> GMCloud[268562506] admin_invul
[06.06.22 08:21:08] SUCCESS Admin[268568657] -> GMCloud[268562506] admin_admin
[06.06.22 08:21:10] SUCCESS Admin[268568657] -> GMCloud[268562506] admin_vis
[06.06.22 08:21:13] SUCCESS Admin[268568657] -> GMCloud[268562506] admin_admin
[06.06.22 08:21:15] SUCCESS Admin[268568657] -> GMCloud[268562506] admin_vis
[06.06.22 08:21:17] SUCCESS Admin[268568657] -> GMCloud[268562506] admin_admin
[06.06.22 08:21:19] SUCCESS Admin[268568657] -> GMCloud[268562506] admin_vis
[06.06.22 08:21:57] SUCCESS Admin[268568657] -> GMCloud[268562506] admin_admin
[06.06.22 08:22:00] SUCCESS Admin[268568657] -> GMCloud[268562506] admin_vis
[06.06.22 08:22:03] SUCCESS Admin[268568657] -> GMCloud[268562506] admin_admin
[06.06.22 08:22:09] SUCCESS Admin[268568657] -> GMCloud[268562506] admin_char_manage
[06.06.22 08:22:15] SUCCESS Admin[268568657] -> GMCloud[268562506] admin_setlevel 85
[06.06.22 08:22:22] SUCCESS Admin[268568657] -> GMCloud[268562506] admin_admin
[06.06.22 08:22:25] SUCCESS Admin[268568657] -> GMCloud[268562506] admin_char_manage
[06.06.22 08:22:34] SUCCESS Admin[268568657] -> GMCloud[268562506] admin_show_html setclass.htm
[06.06.22 08:22:38] SUCCESS Admin[268568657] -> GMCloud[268562506] admin_show_html classes/setclass_dwarf.htm
[06.06.22 08:22:48] SUCCESS Admin[268568657] -> GMCloud[268562506] admin_setclass 55
[06.06.22 08:24:12] SUCCESS Admin[268568657] -> GMCloud[268562506] admin_admin
[06.06.22 08:24:15] SUCCESS Admin[268568657] -> GMCloud[268562506] admin_show_html events/events.htm
[06.06.22 08:24:56] SUCCESS Admin[268568657] -> GMCloud[268562506] admin_admin
[06.06.22 08:25:03] SUCCESS Admin[268568657] -> GMCloud[268562506] admin_admin
[06.06.22 08:25:07] SUCCESS Admin[268568657] -> GMCloud[268562506] admin_kill
[06.06.22 08:25:22] SUCCESS Admin[268568657] -> GMCloud[268562506] admin_admin
[06.06.22 08:25:26] SUCCESS Admin[268568657] -> GMCloud[268562506] admin_res
[06.06.22 08:28:21] SUCCESS Admin[268568657] -> GMCloud[268562506] admin_admin
[06.06.22 08:28:28] SUCCESS Admin[268568657] -> GMCloud[268562506] admin_gmshop
[06.06.22 08:28:33] SUCCESS Admin[268568657] -> GMCloud[268562506] admin_admin
[06.06.22 08:28:55] SUCCESS Admin[268568657] -> GMCloud[268562506] admin_itemcreate
[06.06.22 08:29:01] SUCCESS Admin[268568657] -> GMCloud[268562506] admin_create_item 37000
[06.06.22 08:29:09] SUCCESS Admin[268568657] -> GMCloud[268562506] admin_create_item 37000 500
[06.06.22 08:29:40] FAIL    Admin[268568657] -> GMCloud[268562506] admin_create_item_char
[06.06.22 08:29:59] SUCCESS Admin[268568657] -> GMCloud[268562506] admin_admin
[06.06.22 08:30:05] SUCCESS Admin[268568657] -> GMCloud[268562506] admin_itemcreate
[06.06.22 08:30:13] SUCCESS Admin[268568657] -> GMCloud[268562506] admin_server admserver.htm
[06.06.22 08:30:15] SUCCESS Admin[268568657] -> GMCloud[268562506] admin_admin
[06.06.22 08:30:20] SUCCESS Admin[268568657] -> GMCloud[268562506] admin_gmshop
[06.06.22 08:30:26] SUCCESS Admin[268568657] -> GMCloud[268562506] admin_admin
[06.06.22 08:30:28] SUCCESS Admin[268568657] -> GMCloud[268562506] admin_itemcreate
[06.06.22 08:31:01] SUCCESS Admin[268568657] -> GMCloud[268562506] admin_create_item 37000 500
[06.06.22 08:40:25] SUCCESS Admin[268568657] admin_admin
[06.06.22 08:40:29] SUCCESS Admin[268568657] admin_itemcreate
[06.06.22 08:40:33] SUCCESS Admin[268568657] admin_create_item 37010
[06.06.22 08:40:37] SUCCESS Admin[268568657] -> GMCloud[268562506] admin_create_item 37010
[06.06.22 08:40:55] SUCCESS Admin[268568657] -> GMCloud[268562506] admin_gmshop
[06.06.22 08:41:51] SUCCESS Admin[268568657] -> GMCloud[268562506] admin_gmshop
[06.06.22 08:41:55] SUCCESS Admin[268568657] -> GMCloud[268562506] admin_admin
[06.06.22 08:41:58] SUCCESS Admin[268568657] -> GMCloud[268562506] admin_itemcreate
[06.06.22 08:42:00] SUCCESS Admin[268568657] -> GMCloud[268562506] admin_gmshop
[06.06.22 08:42:06] SUCCESS Admin[268568657] -> GMCloud[268562506] admin_admin
[06.06.22 08:42:08] SUCCESS Admin[268568657] -> GMCloud[268562506] admin_itemcreate
[06.06.22 08:42:15] SUCCESS Admin[268568657] -> GMCloud[268562506] admin_gmshop
[06.06.22 08:42:21] SUCCESS Admin[268568657] -> GMCloud[268562506] admin_show_html gmstore/consumables.htm
[06.06.22 08:42:27] SUCCESS Admin[268568657] -> GMCloud[268562506] admin_gmshop
[06.06.22 08:42:31] SUCCESS Admin[268568657] -> GMCloud[268562506] admin_show_html gmstore/craft.htm
[06.06.22 08:42:35] SUCCESS Admin[268568657] -> GMCloud[268562506] admin_gmshop
[06.06.22 08:42:48] SUCCESS Admin[268568657] -> GMCloud[268562506] admin_admin
[06.06.22 08:43:06] SUCCESS Admin[268568657] admin_move_to -113360 -244676 -15536
[06.06.22 08:43:16] SUCCESS Admin[268568657] admin_admin
[06.06.22 08:43:20] SUCCESS Admin[268568657] admin_show_moves
[06.06.22 08:43:26] SUCCESS Admin[268568657] admin_show_html teleports/town.htm
[06.06.22 08:43:36] SUCCESS Admin[268568657] admin_show_html teleports/town/giran.htm
[06.06.22 08:43:38] SUCCESS Admin[268568657] admin_move_to 82698 148638 -3473
[06.06.22 08:43:49] SUCCESS Admin[268568657] -> GMCloud[268562506] admin_admin
[06.06.22 08:43:59] SUCCESS Admin[268568657] -> GMCloud[268562506] admin_enchant
[06.06.22 08:44:02] SUCCESS Admin[268568657] -> GMCloud[268562506] admin_setec
[06.06.22 08:44:07] SUCCESS Admin[268568657] -> GMCloud[268562506] admin_setec 16
[06.06.22 08:44:32] SUCCESS Admin[268568657] -> GMCloud[268562506] admin_gmshop
[06.06.22 08:45:05] SUCCESS Admin[268568657] -> GMCloud[268562506] admin_admin
[06.06.22 08:45:13] SUCCESS Admin[268568657] -> GMCloud[268562506] admin_augmentation
[06.06.22 08:45:23] SUCCESS Admin[268568657] -> GMCloud[268562506] admin_admin
[06.06.22 08:45:45] SUCCESS Admin[268568657] -> GMCloud[268562506] admin_admin
[06.06.22 08:45:56] SUCCESS Admin[268568657] -> GMCloud[268562506] admin_char_manage
[06.06.22 08:45:59] SUCCESS Admin[268568657] -> GMCloud[268562506] admin_server admserver.htm
[06.06.22 08:46:03] SUCCESS Admin[268568657] -> GMCloud[268562506] admin_gmshop
[06.06.22 08:46:13] SUCCESS Admin[268568657] -> GMCloud[268562506] admin_show_html gmstore/gear/weapons.htm
[06.06.22 08:46:21] SUCCESS Admin[268568657] -> GMCloud[268562506] admin_gmshop
[06.06.22 08:46:25] SUCCESS Admin[268568657] -> GMCloud[268562506] admin_show_html gmstore/scrolls.htm
[06.06.22 08:46:29] SUCCESS Admin[268568657] -> GMCloud[268562506] admin_buy 9930
[06.06.22 08:46:49] SUCCESS Admin[268568657] -> GMCloud[268562506] admin_admin
[06.06.22 08:46:54] SUCCESS Admin[268568657] -> GMCloud[268562506] admin_gmshop
[06.06.22 08:47:01] SUCCESS Admin[268568657] -> GMCloud[268562506] admin_show_html gmstore/scrolls.htm
[06.06.22 08:47:03] SUCCESS Admin[268568657] -> GMCloud[268562506] admin_buy 9945
[06.06.22 08:47:13] SUCCESS Admin[268568657] -> GMCloud[268562506] admin_admin
[06.06.22 08:47:21] FAIL    Admin[268568657] -> GMCloud[268562506] admin_create_item_hwid
[06.06.22 08:48:05] SUCCESS Admin[268568657] -> GMCloud[268562506] admin_admin
[06.06.22 08:48:23] SUCCESS Admin[268568657] -> GMCloud[268562506] admin_gmshop
[06.06.22 08:48:26] SUCCESS Admin[268568657] -> GMCloud[268562506] admin_show_html gmstore/scrolls.htm
[06.06.22 08:48:30] SUCCESS Admin[268568657] -> GMCloud[268562506] admin_buy 9931
[06.06.22 18:42:26] SUCCESS Admin[268568657] admin_admin
[06.06.22 18:42:30] SUCCESS Admin[268568657] admin_epic
[06.06.22 18:42:32] SUCCESS Admin[268568657] admin_admin
[06.06.22 18:42:45] SUCCESS Admin[268568657] admin_show_ips_over 6 1
[06.06.22 18:42:50] SUCCESS Admin[268568657] admin_admin
[06.06.22 18:42:52] SUCCESS Admin[268568657] admin_show_html events/events.htm
[06.06.22 18:42:52] SUCCESS Admin[268568657] admin_char_manage
[06.06.22 18:42:55] SUCCESS Admin[268568657] admin_server admserver.htm
[06.06.22 18:42:57] SUCCESS Admin[268568657] admin_gmshop
[06.06.22 19:23:32] SUCCESS Admin[268568657] -> Admin[268568657] admin_show_html events/events.htm
[06.06.22 19:23:33] SUCCESS Admin[268568657] -> Admin[268568657] admin_char_manage
[06.06.22 19:23:33] SUCCESS Admin[268568657] -> Admin[268568657] admin_server admserver.htm
[06.06.22 19:23:34] SUCCESS Admin[268568657] -> Admin[268568657] admin_gmshop
