[26.10.22 21:37:07] Loaded Event: Apil Fool's Day [state: deactivated]
[26.10.22 21:37:07] Loaded Event: Christmas [state: deactivated]
[26.10.22 21:37:07] Loaded Event: Coffer of Shadows [state: deactivated]
[26.10.22 21:37:07] Loaded CustomDropItems: CustomDropItems [state: activated]
[26.10.22 21:37:07] Loaded Service: EventsConfig
[26.10.22 21:37:07] Loaded Event: Fight Club
[26.10.22 21:37:07] Loaded Event: Freya Celebration [state: deactivated]
[26.10.22 21:37:07] Loaded Event: Gift Of Vitality [state: deactivated]
[26.10.22 21:37:07] Loaded Event: March 8 [state: deactivated]
[26.10.22 21:37:07] Loaded Event: Master of Enchanting [state: deactivated]
[26.10.22 21:37:07] Loaded Event: PcCafePointsExchange [state: deactivated]
[26.10.22 21:37:07] Loaded Event: PiratesTreasure loaded.
[26.10.22 21:37:07] Loaded Event: SavingSnowman [state: deactivated]
[26.10.22 21:37:07] Loaded Event: Summer Meleons [state: deactivated]
[26.10.22 21:37:07] Loaded Event: The Fall Harvest [state: deactivated]
[26.10.22 21:37:07] Loaded Event: The Flow Of The Horror [state: deactivated]
[26.10.22 21:37:07] Loaded Event: Trick of Trnasmutation [state: deactivated]
[26.10.22 21:37:07] Loaded Event: Bounty Hunters Guild
[26.10.22 21:37:07] Loaded Event: L2 Medal Collection Event [state: deactivated]
[26.10.22 21:37:07] Loaded Event: Change of Heart[state: deactivated]
[26.10.22 21:37:07] Loaded Event: null [state: deactivated]
[26.10.22 21:37:07] Loaded Event: l2day [state: deactivated]
