[06.06.22 00:46:55] DESTROY VisualChange 37000 Donator Coin(791)[268494532] Admin[268568657] 10
[06.06.22 00:47:30] DESTROY VisualChange 37000 Donator Coin(781)[268494532] Admin[268568657] 10
[06.06.22 00:47:59] ADD AdminCreateItem 37000 Donator Coin(781)[268494532] Admin[268568657] 9,999,999,999,999
[06.06.22 00:52:07] DESTROY VisualChange 37000 Donator Coin(10,000,000,000,630)[268494532] Admin[268568657] 150
[06.06.22 01:15:23] DESTROY VisualChange 37000 Donator Coin(10,000,000,000,480)[268494532] Admin[268568657] 150
[06.06.22 05:30:48] DESTROY deleted 37000 Donator Coin(10,000,000,000,455)[268494532] Admin[268568657] 25
[06.06.22 05:30:54] DESTROY deleted 37000 Donator Coin(10,000,000,000,430)[268494532] Admin[268568657] 25
[06.06.22 05:30:57] DESTROY deleted 37000 Donator Coin(10,000,000,000,405)[268494532] Admin[268568657] 25
[06.06.22 05:31:00] DESTROY deleted 37000 Donator Coin(10,000,000,000,380)[268494532] Admin[268568657] 25
[06.06.22 05:31:06] DESTROY deleted 37000 Donator Coin(10,000,000,000,355)[268494532] Admin[268568657] 25
[06.06.22 08:02:21] DESTROY VisualChange 37000 Donator Coin(10,000,000,000,205)[268494532] Admin[268568657] 150
[06.06.22 08:29:01] ADD AdminCreateItem 37000 Donator Coin(10,000,000,000,205)[268494532] Admin[268568657] 1
[06.06.22 08:29:09] ADD AdminCreateItem 37000 Donator Coin(10,000,000,000,206)[268494532] Admin[268568657] 500
[06.06.22 08:31:01] ADD AdminCreateItem 37000 Donator Coin(10,000,000,000,706)[268494532] Admin[268568657] 500
[06.06.22 08:32:13] REMOVE SendPost 37000 Donator Coin(10,000,000,000,706)[268494532] Admin[268568657] 500
[06.06.22 08:32:29] ADD PostReceive 37000 Donator Coin(0)[268509795] GMCloud[268562506] 500
[06.06.22 08:33:50] DESTROY VisualChange 37000 Donator Coin(350)[268509795] GMCloud[268562506] 150
[06.06.22 08:35:32] DESTROY VisualChange 37000 Donator Coin(200)[268509795] GMCloud[268562506] 150
[06.06.22 08:35:52] DESTROY VisualChange 37000 Donator Coin(50)[268509795] GMCloud[268562506] 150
[06.06.22 08:36:10] DESTROY VisualChange 37000 Donator Coin(30)[268509795] GMCloud[268562506] 20
[06.06.22 08:37:38] EXCHANGE_LOSE DonatePremium_1 37000 Donator Coin(0)[268509795] GMCloud[268562506] 30
